<?xml version="1.0" encoding="UTF-8"?>
<!-- Generated by org.testng.reporters.JUnitXMLReporter -->
<testsuite ignored="0" hostname="DESKTOP-7FGOP1G" failures="0" tests="10" name="Default test" time="15.625" errors="0" timestamp="2023-10-23T11:46:59 EET">
  <testcase classname="mangento.sing_out" name="myTest" time="0.402"/>
  <testcase classname="mangento.sing_out" name="myTest" time="0.366"/>
  <testcase classname="mangento.sing_out" name="myTest" time="0.424"/>
  <testcase classname="mangento.sing_out" name="myTest" time="0.486"/>
  <testcase classname="mangento.sing_out" name="myTest" time="0.274"/>
  <testcase classname="mangento.sing_out" name="myTest" time="0.622"/>
  <testcase classname="mangento.sing_out" name="myTest" time="0.568"/>
  <testcase classname="mangento.sing_out" name="myTest" time="0.682"/>
  <testcase classname="mangento.sing_out" name="myTest" time="0.755"/>
  <testcase classname="mangento.sing_out" name="myTest" time="0.886"/>
</testsuite> <!-- Default test -->
