<?xml version="1.0" encoding="UTF-8"?>
<testng-results ignored="0" total="10" passed="10" failed="0" skipped="0">
  <reporter-output>
  </reporter-output>
  <suite started-at="2023-10-23T11:46:43 EET" name="Default suite" finished-at="2023-10-23T11:46:59 EET" duration-ms="15625">
    <groups>
    </groups>
    <test started-at="2023-10-23T11:46:43 EET" name="Default test" finished-at="2023-10-23T11:46:59 EET" duration-ms="15625">
      <class name="mangento.sing_out">
        <test-method is-config="true" signature="mySetup()[pri:0, instance:mangento.sing_out@c260bdc]" started-at="2023-10-23T11:46:43 EET" name="mySetup" finished-at="2023-10-23T11:46:54 EET" duration-ms="10119" status="PASS">
          <reporter-output>
          </reporter-output>
        </test-method> <!-- mySetup -->
        <test-method signature="myTest()[pri:0, instance:mangento.sing_out@c260bdc]" started-at="2023-10-23T11:46:54 EET" name="myTest" finished-at="2023-10-23T11:46:54 EET" duration-ms="402" status="PASS">
          <reporter-output>
          </reporter-output>
        </test-method> <!-- myTest -->
        <test-method signature="myTest()[pri:0, instance:mangento.sing_out@c260bdc]" started-at="2023-10-23T11:46:54 EET" name="myTest" finished-at="2023-10-23T11:46:54 EET" duration-ms="366" status="PASS">
          <reporter-output>
          </reporter-output>
        </test-method> <!-- myTest -->
        <test-method signature="myTest()[pri:0, instance:mangento.sing_out@c260bdc]" started-at="2023-10-23T11:46:54 EET" name="myTest" finished-at="2023-10-23T11:46:55 EET" duration-ms="424" status="PASS">
          <reporter-output>
          </reporter-output>
        </test-method> <!-- myTest -->
        <test-method signature="myTest()[pri:0, instance:mangento.sing_out@c260bdc]" started-at="2023-10-23T11:46:55 EET" name="myTest" finished-at="2023-10-23T11:46:55 EET" duration-ms="486" status="PASS">
          <reporter-output>
          </reporter-output>
        </test-method> <!-- myTest -->
        <test-method signature="myTest()[pri:0, instance:mangento.sing_out@c260bdc]" started-at="2023-10-23T11:46:55 EET" name="myTest" finished-at="2023-10-23T11:46:55 EET" duration-ms="274" status="PASS">
          <reporter-output>
          </reporter-output>
        </test-method> <!-- myTest -->
        <test-method signature="myTest()[pri:0, instance:mangento.sing_out@c260bdc]" started-at="2023-10-23T11:46:55 EET" name="myTest" finished-at="2023-10-23T11:46:56 EET" duration-ms="622" status="PASS">
          <reporter-output>
          </reporter-output>
        </test-method> <!-- myTest -->
        <test-method signature="myTest()[pri:0, instance:mangento.sing_out@c260bdc]" started-at="2023-10-23T11:46:56 EET" name="myTest" finished-at="2023-10-23T11:46:57 EET" duration-ms="568" status="PASS">
          <reporter-output>
          </reporter-output>
        </test-method> <!-- myTest -->
        <test-method signature="myTest()[pri:0, instance:mangento.sing_out@c260bdc]" started-at="2023-10-23T11:46:57 EET" name="myTest" finished-at="2023-10-23T11:46:57 EET" duration-ms="682" status="PASS">
          <reporter-output>
          </reporter-output>
        </test-method> <!-- myTest -->
        <test-method signature="myTest()[pri:0, instance:mangento.sing_out@c260bdc]" started-at="2023-10-23T11:46:57 EET" name="myTest" finished-at="2023-10-23T11:46:58 EET" duration-ms="755" status="PASS">
          <reporter-output>
          </reporter-output>
        </test-method> <!-- myTest -->
        <test-method signature="myTest()[pri:0, instance:mangento.sing_out@c260bdc]" started-at="2023-10-23T11:46:58 EET" name="myTest" finished-at="2023-10-23T11:46:59 EET" duration-ms="886" status="PASS">
          <reporter-output>
          </reporter-output>
        </test-method> <!-- myTest -->
        <test-method is-config="true" signature="myAfter()[pri:0, instance:mangento.sing_out@c260bdc]" started-at="2023-10-23T11:46:59 EET" name="myAfter" finished-at="2023-10-23T11:46:59 EET" duration-ms="1" status="PASS">
          <reporter-output>
          </reporter-output>
        </test-method> <!-- myAfter -->
      </class> <!-- mangento.sing_out -->
    </test> <!-- Default test -->
  </suite> <!-- Default suite -->
</testng-results>
